INFO: [VRFC 10-2263] Analyzing SystemVerilog file "D:/Documents/DigitalDesign/CPE233/RAT/RAT.srcs/sources_1/imports/new/ALU.sv" into library xil_defaultlib
INFO: [VRFC 10-311] analyzing module ALU
INFO: [VRFC 10-2263] Analyzing SystemVerilog file "D:/Documents/DigitalDesign/CPE233/RAT/RAT.srcs/sources_1/imports/new/BCD.sv" into library xil_defaultlib
INFO: [VRFC 10-311] analyzing module BCD
INFO: [VRFC 10-2263] Analyzing SystemVerilog file "D:/Documents/DigitalDesign/CPE233/RAT/RAT.srcs/sources_1/imports/new/C.sv" into library xil_defaultlib
INFO: [VRFC 10-311] analyzing module C
INFO: [VRFC 10-2263] Analyzing SystemVerilog file "D:/Documents/DigitalDesign/CPE233/RAT/RAT.srcs/sources_1/imports/new/CathodeDriver.sv" into library xil_defaultlib
INFO: [VRFC 10-311] analyzing module CathodeDriver
INFO: [VRFC 10-2263] Analyzing SystemVerilog file "D:/Documents/DigitalDesign/CPE233/RAT/RAT.srcs/sources_1/new/ClockDivider.sv" into library xil_defaultlib
INFO: [VRFC 10-311] analyzing module clockdivider
INFO: [VRFC 10-2263] Analyzing SystemVerilog file "D:/Documents/DigitalDesign/CPE233/RAT/RAT.srcs/sources_1/imports/new/Control_Unit.sv" into library xil_defaultlib
INFO: [VRFC 10-311] analyzing module Control_Unit
INFO: [VRFC 10-2263] Analyzing SystemVerilog file "D:/Documents/DigitalDesign/CPE233/RAT/RAT.srcs/sources_1/new/Flags.sv" into library xil_defaultlib
INFO: [VRFC 10-311] analyzing module Flags
INFO: [VRFC 10-2263] Analyzing SystemVerilog file "D:/Documents/DigitalDesign/CPE233/RAT/RAT.srcs/sources_1/new/FrequencyDecoder.sv" into library xil_defaultlib
INFO: [VRFC 10-311] analyzing module Frequency_Decoder
INFO: [VRFC 10-2263] Analyzing SystemVerilog file "D:/Documents/DigitalDesign/CPE233/RAT/RAT.srcs/sources_1/new/I.sv" into library xil_defaultlib
INFO: [VRFC 10-311] analyzing module I
INFO: [VRFC 10-2263] Analyzing SystemVerilog file "D:/Documents/DigitalDesign/CPE233/RAT/RAT.srcs/sources_1/new/KeyboardDriver.sv" into library xil_defaultlib
INFO: [VRFC 10-311] analyzing module KeyboardDriver
INFO: [VRFC 10-311] analyzing module keyboard
INFO: [VRFC 10-311] analyzing module ps2_rx
INFO: [VRFC 10-2263] Analyzing SystemVerilog file "D:/Documents/DigitalDesign/CPE233/RAT/RAT.srcs/sources_1/imports/new/Mux2.sv" into library xil_defaultlib
INFO: [VRFC 10-311] analyzing module Mux2
INFO: [VRFC 10-2263] Analyzing SystemVerilog file "D:/Documents/DigitalDesign/CPE233/RAT/RAT.srcs/sources_1/imports/new/Mux4.sv" into library xil_defaultlib
INFO: [VRFC 10-311] analyzing module Mux4
INFO: [VRFC 10-2263] Analyzing SystemVerilog file "D:/Documents/DigitalDesign/CPE233/RAT/RAT.srcs/sources_1/imports/new/ProgRom.sv" into library xil_defaultlib
INFO: [VRFC 10-311] analyzing module ProgRom
INFO: [VRFC 10-2263] Analyzing SystemVerilog file "D:/Documents/DigitalDesign/CPE233/RAT/RAT.srcs/sources_1/imports/new/ProgramCounter.sv" into library xil_defaultlib
INFO: [VRFC 10-311] analyzing module ProgramCounter
INFO: [VRFC 10-2263] Analyzing SystemVerilog file "D:/Documents/DigitalDesign/CPE233/RAT/RAT.srcs/sources_1/imports/new/RAT_MCU.sv" into library xil_defaultlib
INFO: [VRFC 10-311] analyzing module RAT_MCU
INFO: [VRFC 10-2263] Analyzing SystemVerilog file "D:/Documents/DigitalDesign/CPE233/RAT/RAT.srcs/sources_1/new/RAT_WRAPPER.sv" into library xil_defaultlib
INFO: [VRFC 10-311] analyzing module RAT_WRAPPER
INFO: [VRFC 10-2263] Analyzing SystemVerilog file "D:/Documents/DigitalDesign/CPE233/RAT/RAT.srcs/sources_1/imports/new/REG_FILE.sv" into library xil_defaultlib
INFO: [VRFC 10-311] analyzing module REG_FILE
INFO: [VRFC 10-2263] Analyzing SystemVerilog file "D:/Documents/DigitalDesign/CPE233/RAT/RAT.srcs/sources_1/imports/new/SCRATCH_RAM.sv" into library xil_defaultlib
INFO: [VRFC 10-311] analyzing module SCRATCH_RAM
INFO: [VRFC 10-2263] Analyzing SystemVerilog file "D:/Documents/DigitalDesign/CPE233/RAT/RAT.srcs/sources_1/new/SCR_ADDR_MUX.sv" into library xil_defaultlib
INFO: [VRFC 10-311] analyzing module SCR_ADDR_MUX
INFO: [VRFC 10-2263] Analyzing SystemVerilog file "D:/Documents/DigitalDesign/CPE233/RAT/RAT.srcs/sources_1/new/SHAD_C.sv" into library xil_defaultlib
INFO: [VRFC 10-311] analyzing module SHAD_C
INFO: [VRFC 10-2263] Analyzing SystemVerilog file "D:/Documents/DigitalDesign/CPE233/RAT/RAT.srcs/sources_1/new/SHAD_Z.sv" into library xil_defaultlib
INFO: [VRFC 10-311] analyzing module SHAD_Z
INFO: [VRFC 10-2263] Analyzing SystemVerilog file "D:/Documents/DigitalDesign/CPE233/RAT/RAT.srcs/sources_1/imports/new/SevSegDisp.sv" into library xil_defaultlib
INFO: [VRFC 10-311] analyzing module SevSegDisp
INFO: [VRFC 10-2263] Analyzing SystemVerilog file "D:/Documents/DigitalDesign/CPE233/RAT/RAT.srcs/sources_1/new/Speaker.sv" into library xil_defaultlib
INFO: [VRFC 10-311] analyzing module SpeakerTop
INFO: [VRFC 10-2263] Analyzing SystemVerilog file "D:/Documents/DigitalDesign/CPE233/RAT/RAT.srcs/sources_1/new/StackPointer.sv" into library xil_defaultlib
INFO: [VRFC 10-311] analyzing module StackPointer
INFO: [VRFC 10-2263] Analyzing SystemVerilog file "D:/Documents/DigitalDesign/CPE233/RAT/RAT.srcs/sources_1/imports/new/Z.sv" into library xil_defaultlib
INFO: [VRFC 10-311] analyzing module Z
INFO: [VRFC 10-2263] Analyzing SystemVerilog file "D:/Documents/DigitalDesign/CPE233/RAT/RAT.srcs/sim_1/imports/new/MCU SIM.sv" into library xil_defaultlib
INFO: [VRFC 10-311] analyzing module MCU_SIM
